<?xml version="1.0" encoding="UTF-8"?>
<!-- Generated by org.testng.reporters.JUnitReportReporter -->
<testsuite skipped="0" hostname="Sarders-MacBook-Pro.local" name="com.usa.testngrunner.TestNGRunner" tests="1" failures="0" timestamp="24 Jun 2018 03:06:13 GMT" time="6.605" errors="0">
  <testcase name="feature" time="6.605" classname="com.usa.testngrunner.TestNGRunner"/>
</testsuite> <!-- com.usa.testngrunner.TestNGRunner -->
